Server started on PORT 8000
Project Fetched
Dataset Fetched
Anto Signed in on 1/3/2023, 3:51:09 pm
Dataset Fetched
Project Fetched
Dataset Fetched
Project Fetched
Anto Signed in on 1/3/2023, 3:53:51 pm
Project Fetched
Dataset Fetched
All Template Fetched
All Template Fetched
Project Fetched
All Template Fetched
Predefined Template Fetched
Project Fetched
All Template Fetched
Project Fetched
All Template Fetched
All Template Fetched
All Template Fetched
Server started on PORT 8000
Server started on PORT 8000
Server started on PORT 8000
Server started on PORT 8000
Anto Signed in on 28/3/2023, 8:10:26 pm
Project Fetched
Dataset Fetched
Specific Template Fetched
All Template Fetched
Project Fetched
Dataset Fetched
Specific Template Fetched
All Template Fetched
Dataset Fetched
Project Fetched
Specific Template Fetched
All Template Fetched
Server started on PORT 8000
Server started on PORT 8000
Anto Signed in on 15/4/2023, 4:10:46 pm
Project Fetched
Dataset Fetched
Specific Template Fetched
All Template Fetched
Specific Template Fetched
All Template Fetched
All Template Fetched
Project Fetched
All Template Fetched
All Template Fetched
Project Fetched
All Template Fetched
Anto Signed in on 15/4/2023, 4:19:51 pm
Project Fetched
Dataset Fetched
Server started on PORT 8000
Anto Signed in on 19/4/2023, 3:33:23 pm
Anto Signed in on 19/4/2023, 3:33:25 pm
Project Fetched
Dataset Fetched
All Template Fetched
Dataset Fetched
Project Fetched
Specific Template Fetched
All Template Fetched
All Template Fetched
All Template Fetched
Anto Signed in on 19/4/2023, 4:29:22 pm
Dataset Fetched
Project Fetched
All Template Fetched
All Template Fetched
All Template Fetched
Project Fetched
Dataset Fetched
All Template Fetched
All Template Fetched
Anto Signed in on 19/4/2023, 5:20:07 pm
Dataset Fetched
Project Fetched
All Template Fetched
All Template Fetched
Dataset Fetched
Project Fetched
Dataset Fetched
Project Fetched
Specific Template Fetched
All Template Fetched
All Template Fetched
Dataset Fetched
Project Fetched
Project Fetched
Dataset Fetched
Anto Signed in on 19/4/2023, 6:08:49 pm
Dataset Fetched
Project Fetched
Dataset Fetched
Project Fetched
All Template Fetched
Dataset Fetched
Project Fetched
Specific Template Fetched
All Template Fetched
All Template Fetched
All Template Fetched
All Template Fetched
All Template Fetched
Template Deleted
Template inserted
All Template Fetched
Template Deleted
Template inserted
All Template Fetched
Dataset Fetched
Project Fetched
All Template Fetched
Anto Signed in on 19/4/2023, 6:34:15 pm
Dataset Fetched
Project Fetched
Anto Signed in on 19/4/2023, 6:49:27 pm
Project Fetched
Dataset Fetched
All Template Fetched
Template Deleted
Template inserted
All Template Fetched
Template Deleted
Template inserted
All Template Fetched
Dataset Fetched
Project Fetched
All Template Fetched
Checking user attempt on 19/4/2023, 6:53:32 pm
Checking user attempt on 19/4/2023, 6:54:35 pm
Checking user attempt on 19/4/2023, 6:55:06 pm
Anto Signed in on 19/4/2023, 7:16:49 pm
Dataset Fetched
Project Fetched
Anto Signed in on 19/4/2023, 7:17:09 pm
Project Fetched
Dataset Fetched
Anto Signed in on 19/4/2023, 7:25:09 pm
Project Fetched
Dataset Fetched
Specific Template Fetched
All Template Fetched
Anto Signed in on 19/4/2023, 7:56:52 pm
Project Fetched
Dataset Fetched
Project Fetched
Dataset Fetched
Anto Signed in on 19/4/2023, 8:02:15 pm
Dataset Fetched
Project Fetched
Dataset Fetched
Project Fetched
Dataset Fetched
Project Fetched
All Template Fetched
All Template Fetched
Dataset Fetched
Project Fetched
Dataset Fetched
Project Fetched
Specific Template Fetched
All Template Fetched
All Template Fetched
User Details inserted
Sign in attempt on 19/4/2023, 8:38:27 pm
Sign in attempt on 19/4/2023, 8:38:31 pm
Anto Signed in on 19/4/2023, 8:38:35 pm
Dataset Fetched
Project Fetched
Sign in attempt on 19/4/2023, 8:51:49 pm
Sign in attempt on 19/4/2023, 8:51:51 pm
Sign in attempt on 19/4/2023, 8:51:58 pm
Sign in attempt on 19/4/2023, 8:51:58 pm
Sign in attempt on 19/4/2023, 8:52:01 pm
Sign in attempt on 19/4/2023, 8:52:06 pm
Sign in attempt on 19/4/2023, 8:52:08 pm
Sign in attempt on 19/4/2023, 8:52:19 pm
Sign in attempt on 19/4/2023, 8:52:27 pm
Sign in attempt on 19/4/2023, 8:52:29 pm
Anto Signed in on 19/4/2023, 8:52:33 pm
Dataset Fetched
Project Fetched
All Template Fetched
Checking user
Checking user
Checking user
Checking user
Checking user
Checking user
Checking user
Checking user
Checking user
Checking user
Checking user
Checking user
Anto Signed in on 20/4/2023, 11:13:22 am
Project Fetched
Dataset Fetched
All Template Fetched
Anto Signed in on 20/4/2023, 11:31:36 am
Project Fetched
Dataset Fetched
Dataset Fetched
Project Fetched
Dataset Fetched
Project Fetched
Dataset Fetched
Project Fetched
Dataset Fetched
Project Fetched
Anto Signed in on 20/4/2023, 11:55:34 am
Dataset Fetched
Project Fetched
Dataset Fetched
Project Fetched
Predefined Template Fetched
Project Fetched
All Template Fetched
Project Fetched
All Template Fetched
Dataset Fetched
Project Fetched
Dataset Fetched
Project Fetched
Specific Template Fetched
All Template Fetched
Dataset Fetched
Project Fetched
Predefined Template Fetched
Anto Signed in on 20/4/2023, 12:19:59 pm
Project Fetched
Dataset Fetched
All Template Fetched
All Template Fetched
All Template Fetched
Project Fetched
Dataset Fetched
All Template Fetched
Dataset Fetched
Project Fetched
All Template Fetched
All Template Fetched
Project Fetched
Dataset Fetched
Specific Template Fetched
All Template Fetched
Dataset Fetched
Project Fetched
Anto Signed in on 20/4/2023, 12:39:08 pm
Dataset Fetched
Project Fetched
Dataset Fetched
Project Fetched
All Template Fetched
Anto Signed in on 20/4/2023, 12:56:33 pm
Project Fetched
Dataset Fetched
Specific Template Fetched
All Template Fetched
Project Fetched
Dataset Fetched
Dataset Fetched
Project Fetched
Dataset Fetched
Project Fetched
Dataset Fetched
Project Fetched
Project Fetched
Dataset Fetched
All Template Fetched
All Template Fetched
All Template Fetched
Dataset Fetched
Project Fetched
Dataset Fetched
Project Fetched
Dataset Fetched
Project Fetched
Dataset Fetched
Project Fetched
Specific Template Fetched
All Template Fetched
Dataset Fetched
Project Fetched
All Template Fetched
Dataset Fetched
Project Fetched
All Template Fetched
Project Fetched
Dataset Fetched
All Template Fetched
Dataset Fetched
Project Fetched
All Template Fetched
All Template Fetched
Anto Signed in on 20/4/2023, 2:08:08 pm
Dataset Fetched
Project Fetched
Anto Signed in on 20/4/2023, 2:08:50 pm
Dataset Fetched
Project Fetched
All Template Fetched
All Template Fetched
Anto Signed in on 20/4/2023, 2:11:52 pm
Dataset Fetched
Project Fetched
All Template Fetched
Anto Signed in on 20/4/2023, 6:32:48 pm
Dataset Fetched
Project Fetched
Project Fetched
Dataset Fetched
Project Fetched
Dataset Fetched
All Template Fetched
Dataset Fetched
Project Fetched
Dataset Fetched
Project Fetched
Dataset Fetched
Project Fetched
Dataset Fetched
Project Fetched
Project Fetched
Dataset Fetched
Project Fetched
Dataset Fetched
Dataset Fetched
Project Fetched
Dataset Fetched
Project Fetched
Dataset Fetched
Project Fetched
Dataset Fetched
Project Fetched
Dataset Fetched
Project Fetched
Dataset Fetched
Project Fetched
Project Fetched
Dataset Fetched
Dataset Fetched
Project Fetched
Project Fetched
Dataset Fetched
Dataset Fetched
Project Fetched
Dataset Fetched
Project Fetched
Dataset Fetched
Project Fetched
Predefined Template Fetched
All Template Fetched
Project Fetched
Dataset Fetched
All Template Fetched
Dataset Fetched
Project Fetched
All Template Fetched
Project Fetched
Dataset Fetched
Project Fetched
Dataset Fetched
All Template Fetched
Project Fetched
Dataset Fetched
All Template Fetched
Dataset Fetched
Project Fetched
All Template Fetched
Dataset Fetched
Project Fetched
Dataset Fetched
Project Fetched
All Template Fetched
All Template Fetched
Project Fetched
Dataset Fetched
All Template Fetched
Dataset Fetched
Project Fetched
All Template Fetched
Project Fetched
Dataset Fetched
All Template Fetched
Dataset Fetched
Project Fetched
All Template Fetched
Dataset Fetched
Project Fetched
All Template Fetched
Dataset Fetched
Project Fetched
All Template Fetched
Dataset Fetched
Project Fetched
Project Fetched
Dataset Fetched
All Template Fetched
All Template Fetched
Dataset Fetched
Project Fetched
All Template Fetched
All Template Fetched
Dataset Fetched
Project Fetched
Project Fetched
Dataset Fetched
All Template Fetched
Template Deleted
Template inserted
All Template Fetched
Template Deleted
Template inserted
All Template Fetched
Project Fetched
Dataset Fetched
Anto Signed in on 20/4/2023, 8:47:13 pm
Dataset Fetched
Project Fetched
Anto Signed in on 20/4/2023, 8:48:14 pm
Project Fetched
Dataset Fetched
All Template Fetched
Project Fetched
Dataset Fetched
Anto Signed in on 20/4/2023, 8:58:08 pm
Project Fetched
Dataset Fetched
Sign in attempt on 20/4/2023, 9:00:47 pm
Sign in attempt on 20/4/2023, 9:00:53 pm
Anto Signed in on 20/4/2023, 9:00:59 pm
Project Fetched
Dataset Fetched
Specific Template Fetched
All Template Fetched
Anto Signed in on 21/4/2023, 8:45:05 pm
Dataset Fetched
Project Fetched
All Template Fetched
All Template Fetched
Dataset Fetched
Project Fetched
Project Fetched
Dataset Fetched
Anto Signed in on 21/4/2023, 9:28:36 pm
Project Fetched
Dataset Fetched
Anto Signed in on 22/4/2023, 12:24:16 pm
Anto Signed in on 22/4/2023, 12:49:18 pm
Project Fetched
Dataset Fetched
Anto Signed in on 22/4/2023, 12:51:51 pm
Project Fetched
Dataset Fetched
Project Fetched
Dataset Fetched
Dataset Fetched
Project Fetched
Dataset Fetched
Project Fetched
Dataset Fetched
Project Fetched
Dataset Fetched
Project Fetched
Dataset Fetched
Project Fetched
Dataset Fetched
Project Fetched
Project Fetched
Dataset Fetched
Project Fetched
Dataset Fetched
All Template Fetched
Project Fetched
Dataset Fetched
Project Fetched
Dataset Fetched
Project Fetched
Dataset Fetched
Dataset Fetched
Project Fetched
Dataset Fetched
Project Fetched
Project Fetched
Dataset Fetched
Project Fetched
Dataset Fetched
Dataset Fetched
Project Fetched
Project Fetched
Dataset Fetched
Project Fetched
Dataset Fetched
Project Fetched
Dataset Fetched
Project Fetched
Dataset Fetched
Project Fetched
Dataset Fetched
Project Fetched
Dataset Fetched
Project Fetched
Dataset Fetched
Dataset Fetched
Project Fetched
Dataset Fetched
Project Fetched
Project Fetched
Dataset Fetched
Dataset Fetched
Project Fetched
Dataset Fetched
Project Fetched
Dataset Fetched
Project Fetched
Dataset Fetched
Project Fetched
Dataset Fetched
Project Fetched
Dataset Fetched
Project Fetched
All Template Fetched
Dataset Fetched
Project Fetched
Project Fetched
Dataset Fetched
All Template Fetched
Dataset Fetched
Project Fetched
All Template Fetched
All Template Fetched
Project Fetched
Dataset Fetched
All Template Fetched
Dataset Fetched
Project Fetched
Dataset Fetched
Project Fetched
All Template Fetched
Dataset Fetched
Project Fetched
Specific Template Fetched
All Template Fetched
Anto Signed in on 22/4/2023, 3:29:04 pm
Dataset Fetched
Project Fetched
Dataset Fetched
Project Fetched
Dataset Fetched
Project Fetched
Project Fetched
Dataset Fetched
Project Fetched
Dataset Fetched
Project Fetched
Dataset Fetched
Project Fetched
Dataset Fetched
Dataset Fetched
Project Fetched
Dataset Fetched
Project Fetched
Dataset Fetched
Project Fetched
Project Fetched
Dataset Fetched
Dataset Fetched
Project Fetched
Dataset Fetched
Project Fetched
Dataset Fetched
Project Fetched
Dataset Fetched
Project Fetched
Project Fetched
Dataset Fetched
Dataset Fetched
Project Fetched
Dataset Fetched
Project Fetched
Dataset Fetched
Project Fetched
Dataset Fetched
Project Fetched
Dataset Fetched
Project Fetched
Dataset Fetched
Project Fetched
Project Fetched
Dataset Fetched
Dataset Fetched
Project Fetched
Dataset Fetched
Project Fetched
Dataset Fetched
Project Fetched
Project Fetched
Dataset Fetched
Project Fetched
Dataset Fetched
Project Fetched
Dataset Fetched
Specific Template Fetched
All Template Fetched
Dataset Fetched
Project Fetched
Dataset Fetched
Project Fetched
Dataset Fetched
Project Fetched
Dataset Fetched
Project Fetched
Dataset Fetched
Project Fetched
Project Fetched
Dataset Fetched
All Template Fetched
All Template Fetched
All Template Fetched
Project Fetched
Dataset Fetched
Feedback fetched
All Template Fetched
Feedback fetched
Feedback fetched
Project Fetched
Dataset Fetched
Project Fetched
Dataset Fetched
Dataset Fetched
Project Fetched
Project Fetched
Dataset Fetched
Project Fetched
Dataset Fetched
Project Fetched
Dataset Fetched
Feedback fetched
Feedback fetched
All Template Fetched
All Template Fetched
Project Fetched
Dataset Fetched
Dataset Fetched
Project Fetched
Project Fetched
All Template Fetched
All Template Fetched
Project Fetched
Dataset Fetched
All Template Fetched
All Template Fetched
All Template Fetched
Project Fetched
All Template Fetched
All Template Fetched
Project Fetched
All Template Fetched
Project Fetched
All Template Fetched
Feedback fetched
Feedback fetched
Project Fetched
All Template Fetched
All Template Fetched
All Template Fetched
Dataset Fetched
Project Fetched
Dataset Fetched
Project Fetched
Project Fetched
Dataset Fetched
Dataset Fetched
Project Fetched
Dataset Fetched
Project Fetched
Dataset Fetched
Project Fetched
Dataset Fetched
Project Fetched
Project Fetched
Dataset Fetched
Dataset Fetched
Project Fetched
Dataset Fetched
Project Fetched
Dataset Fetched
Project Fetched
All Template Fetched
All Template Fetched
Project Fetched
All Template Fetched
Project Fetched
Dataset Fetched
Dataset Fetched
Project Fetched
All Template Fetched
Project Fetched
All Template Fetched
Dataset Fetched
Project Fetched
Dataset Fetched
Project Fetched
All Template Fetched
All Template Fetched
Project Fetched
All Template Fetched
All Template Fetched
All Template Fetched
Project Fetched
Dataset Fetched
Project Fetched
All Template Fetched
All Template Fetched
Dataset Fetched
Project Fetched
Dataset Fetched
Project Fetched
Dataset Fetched
Project Fetched
Project Fetched
Dataset Fetched
Dataset Fetched
Project Fetched
Dataset Fetched
Project Fetched
Dataset Fetched
Project Fetched
Dataset Fetched
Project Fetched
Specific Template Fetched
All Template Fetched
Dashboard Updated
Project Fetched
All Template Fetched
Project Fetched
Dataset Fetched
Project Fetched
Dataset Fetched
Project Fetched
Dataset Fetched
Anto Signed in on 22/4/2023, 6:42:16 pm
Project Fetched
Dataset Fetched
Project Fetched
Dataset Fetched
All Template Fetched
Dataset Fetched
Project Fetched
Project Fetched
Dataset Fetched
Project Fetched
Dataset Fetched
Project Fetched
Dataset Fetched
Project Fetched
Dataset Fetched
Project Fetched
Dataset Fetched
Project Fetched
Dataset Fetched
Project Fetched
Dataset Fetched
Project Fetched
Dataset Fetched
Project Fetched
Dataset Fetched
Project Fetched
Dataset Fetched
Project Fetched
Dataset Fetched
All Template Fetched
Project Fetched
Dataset Fetched
All Template Fetched
Project Fetched
All Template Fetched
All Template Fetched
Project Fetched
All Template Fetched
Project Fetched
Dataset Fetched
Project Fetched
Dataset Fetched
All Template Fetched
Project Fetched
All Template Fetched
All Template Fetched
Project Fetched
Dataset Fetched
Project Fetched
Dataset Fetched
Project Fetched
Dataset Fetched
Project Fetched
Dataset Fetched
Project Fetched
Dataset Fetched
Project Fetched
Dataset Fetched
All Template Fetched
Project Fetched
Project Fetched
Dataset Fetched
Dataset Fetched
Dataset Fetched
Project Fetched
Dataset Fetched
Project Fetched
All Template Fetched
All Template Fetched
Dataset Fetched
Project Fetched
Project Fetched
Dataset Fetched
All Template Fetched
Anto Signed in on 24/4/2023, 8:32:17 pm
Project Fetched
Dataset Fetched
Project Fetched
Dataset Fetched
All Template Fetched
Project Fetched
All Template Fetched
All Template Fetched
Project Fetched
All Template Fetched
Feedback fetched
All Template Fetched
Project Fetched
All Template Fetched
Project Fetched
Dataset Fetched
Project Fetched
Dataset Fetched
Specific Template Fetched
All Template Fetched
Project Fetched
All Template Fetched
Dataset Fetched
Project Fetched
Project Fetched
Dataset Fetched
All Template Fetched
Project Fetched
Dataset Fetched
Dataset Fetched
Project Fetched
All Template Fetched
Project Fetched
Dataset Fetched
All Template Fetched
Dataset Fetched
Project Fetched
All Template Fetched
Dataset Fetched
Project Fetched
All Template Fetched
Dataset Fetched
Project Fetched
All Template Fetched
Project Fetched
Dataset Fetched
All Template Fetched
Project Fetched
Dataset Fetched
All Template Fetched
Project Fetched
Dataset Fetched
Dataset Fetched
Project Fetched
All Template Fetched
Project Fetched
Dataset Fetched
Project Fetched
Dataset Fetched
All Template Fetched
Dataset Fetched
Project Fetched
All Template Fetched
Dataset Fetched
Project Fetched
All Template Fetched
Project Fetched
Dataset Fetched
Project Fetched
Dataset Fetched
All Template Fetched
Project Fetched
Dataset Fetched
All Template Fetched
Project Fetched
Dataset Fetched
Project Fetched
Dataset Fetched
All Template Fetched
Project Fetched
All Template Fetched
Project Fetched
All Template Fetched
All Template Fetched
Project Fetched
All Template Fetched
All Template Fetched
Anto Signed in on 25/4/2023, 12:36:27 pm
Anto Signed in on 25/4/2023, 12:36:27 pm
Project Fetched
Dataset Fetched
All Template Fetched
Anto Signed in on 25/4/2023, 12:39:50 pm
Project Fetched
Dataset Fetched
All Template Fetched
Project Fetched
All Template Fetched
All Template Fetched
All Template Fetched
Dataset Fetched
Project Fetched
All Template Fetched
Project Fetched
Dataset Fetched
Anto Signed in on 25/4/2023, 4:48:26 pm
Project Fetched
Dataset Fetched
All Template Fetched
Project Fetched
Dataset Fetched
All Template Fetched
Project Fetched
Dataset Fetched
All Template Fetched
Project Fetched
Dataset Fetched
All Template Fetched
Project Fetched
All Template Fetched
All Template Fetched
Project Fetched
Dataset Fetched
All Template Fetched
Project Fetched
Dataset Fetched
All Template Fetched
Project Fetched
All Template Fetched
All Template Fetched
All Template Fetched
Project Fetched
All Template Fetched
All Template Fetched
All Template Fetched
Project Fetched
All Template Fetched
All Template Fetched
All Template Fetched
Project Fetched
All Template Fetched
All Template Fetched
All Template Fetched
Anto Signed in on 25/4/2023, 6:06:36 pm
Project Fetched
Dataset Fetched
All Template Fetched
Project Fetched
Dataset Fetched
All Template Fetched
All Template Fetched
All Template Fetched
All Template Fetched
Dataset Fetched
Project Fetched
All Template Fetched
Project Fetched
Dataset Fetched
Project Fetched
Dataset Fetched
All Template Fetched
Project Fetched
Dataset Fetched
All Template Fetched
All Template Fetched
Project Fetched
Dataset Fetched
All Template Fetched
Dataset Fetched
Project Fetched
All Template Fetched
Anto Signed in on 25/4/2023, 8:14:14 pm
Project Fetched
Dataset Fetched
All Template Fetched
Project Fetched
Dataset Fetched
All Template Fetched
All Template Fetched
Project Fetched
Dataset Fetched
All Template Fetched
Project Fetched
Dataset Fetched
All Template Fetched
Project Fetched
Dataset Fetched
All Template Fetched
Dataset Fetched
Project Fetched
All Template Fetched
Project Fetched
Dataset Fetched
All Template Fetched
Project Fetched
Dataset Fetched
All Template Fetched
Project Fetched
Dataset Fetched
All Template Fetched
Project Fetched
Dataset Fetched
All Template Fetched
Project Fetched
Dataset Fetched
All Template Fetched
Project Fetched
Dataset Fetched
All Template Fetched
Project Fetched
Dataset Fetched
All Template Fetched
Dataset Fetched
Project Fetched
Project Fetched
Dataset Fetched
Project Fetched
Dataset Fetched
All Template Fetched
Project Fetched
Dataset Fetched
All Template Fetched
Project Fetched
All Template Fetched
All Template Fetched
All Template Fetched
Project Fetched
Dataset Fetched
All Template Fetched
Dataset Fetched
Project Fetched
All Template Fetched
Dataset Fetched
Project Fetched
Dataset Fetched
Project Fetched
All Template Fetched
Project Fetched
Dataset Fetched
All Template Fetched
Project Fetched
Dataset Fetched
Dataset Fetched
Project Fetched
All Template Fetched
Project Fetched
Dataset Fetched
All Template Fetched
Project Fetched
Dataset Fetched
All Template Fetched
Project Fetched
Dataset Fetched
All Template Fetched
Project Fetched
Dataset Fetched
All Template Fetched
Project Fetched
Dataset Fetched
All Template Fetched
All Template Fetched
Project Fetched
Dataset Fetched
Project Fetched
Dataset Fetched
All Template Fetched
All Template Fetched
All Template Fetched
All Template Fetched
Project Fetched
Dataset Fetched
Dataset Fetched
Project Fetched
All Template Fetched
All Template Fetched
Project Fetched
All Template Fetched
All Template Fetched
Project Fetched
Dataset Fetched
All Template Fetched
Project Fetched
All Template Fetched
All Template Fetched
Dataset Fetched
Project Fetched
All Template Fetched
Project Fetched
Dataset Fetched
All Template Fetched
All Template Fetched
Project Fetched
All Template Fetched
Anto Signed in on 26/4/2023, 9:00:13 am
Project Fetched
Dataset Fetched
All Template Fetched
Project Fetched
Dataset Fetched
All Template Fetched
Project Fetched
Dataset Fetched
All Template Fetched
Project Fetched
All Template Fetched
All Template Fetched
All Template Fetched
Project Fetched
Dataset Fetched
All Template Fetched
